<?xml version="1.0" encoding="UTF-8"?>
<!-- Generated by org.testng.reporters.JUnitReportReporter -->
<testsuite hostname="DESKTOP-G0A6DDI" failures="0" tests="1" name="Tests.Scenario_1" time="3.432" errors="0" timestamp="2024-07-07T03:29:42 EEST" skipped="0">
  <testcase classname="Tests.Scenario_1" name="Test_Upload" time="3.432"/>
</testsuite> <!-- Tests.Scenario_1 -->
