<?xml version="1.0" encoding="UTF-8"?>
<!-- Generated by org.testng.reporters.JUnitReportReporter -->
<testsuite hostname="DESKTOP-G0A6DDI" failures="0" tests="1" name="Tests.Scenario_2" time="7.877" errors="0" timestamp="2024-07-07T03:29:42 EEST" skipped="0">
  <testcase classname="Tests.Scenario_2" name="Test_Dynamic_Loading" time="7.877"/>
</testsuite> <!-- Tests.Scenario_2 -->
